[debug] [2022-08-08T03:24:19.832Z] ----------------------------------------------------------------------
[debug] [2022-08-08T03:24:19.871Z] Command:       C:\Program Files\nodejs\node.exe C:\Users\ADMIN\AppData\Roaming\npm\node_modules\firebase-tools\lib\bin\firebase.js deploy -P slack-clone-1cc39
[debug] [2022-08-08T03:24:19.873Z] CLI Version:   11.3.0
[debug] [2022-08-08T03:24:19.873Z] Platform:      win32
[debug] [2022-08-08T03:24:19.873Z] Node Version:  v16.13.1
[debug] [2022-08-08T03:24:19.970Z] Time:          Mon Aug 08 2022 04:24:19 GMT+0100 (West Africa Standard Time)
[debug] [2022-08-08T03:24:19.971Z] ----------------------------------------------------------------------
[debug] 
[debug] [2022-08-08T03:24:20.146Z] > command requires scopes: ["email","openid","https://www.googleapis.com/auth/cloudplatformprojects.readonly","https://www.googleapis.com/auth/firebase","https://www.googleapis.com/auth/cloud-platform"]
[debug] [2022-08-08T03:24:20.147Z] > authorizing via signed-in user (solomonojigbo@gmail.com)
[debug] [2022-08-08T03:24:20.148Z] [iam] checking project slack-clone-1cc39 for permissions ["firebase.projects.get","firebasehosting.sites.update"]
[debug] [2022-08-08T03:24:20.151Z] >>> [apiv2][query] POST https://cloudresourcemanager.googleapis.com/v1/projects/slack-clone-1cc39:testIamPermissions [none]
[debug] [2022-08-08T03:24:20.151Z] >>> [apiv2][body] POST https://cloudresourcemanager.googleapis.com/v1/projects/slack-clone-1cc39:testIamPermissions {"permissions":["firebase.projects.get","firebasehosting.sites.update"]}
[debug] [2022-08-08T03:24:20.554Z] [iam] error while checking permissions, command may fail: FirebaseError: Failed to make request to https://cloudresourcemanager.googleapis.com/v1/projects/slack-clone-1cc39:testIamPermissions
[debug] [2022-08-08T03:24:20.555Z] >>> [apiv2][query] GET https://firebase.googleapis.com/v1beta1/projects/slack-clone-1cc39 [none]
[debug] [2022-08-08T03:24:20.600Z] Failed to make request to https://firebase.googleapis.com/v1beta1/projects/slack-clone-1cc39
[debug] [2022-08-08T03:24:20.608Z] FirebaseError: Failed to make request to https://firebase.googleapis.com/v1beta1/projects/slack-clone-1cc39
    at RetryOperation._fn (C:\Users\ADMIN\AppData\Roaming\npm\node_modules\firebase-tools\lib\apiv2.js:241:31)
    at processTicksAndRejections (node:internal/process/task_queues:96:5)
[error] 
[error] Error: Failed to get Firebase project slack-clone-1cc39. Please make sure the project exists and your account has permission to access it.
